=======================TASK PROLOG================================
Job 2194637 submitted on cluster spirit from spirit1.ipsl.fr
Job 2194637 submitted by tmandonnet with account lmd
Job 2194637 is running with 1 nodes and 6 cores on spirit32-06
Job 2194637 memory requirements are 81920 MB per node
Job 2194637 starting at 2025/08/02 02:15:22
==================================================================
GCM, RCM, version, RCP : ('MOHC-HadGEM2-ES', 'DMI-HIRHAM5', 'rcp45', 'v2')
read_directory_historical : /bdd/CORDEX/output/EUR-11/DMI/MOHC-HadGEM2-ES/historical/r1i1p1/DMI-HIRHAM5/v2/day/tas/v20190512
read_directory_rcp : /bdd/CORDEX/output/EUR-11/DMI/MOHC-HadGEM2-ES/rcp45/r1i1p1/DMI-HIRHAM5/v2/day/tas/v20200113
temp_variable : tas
start_year_ref : 1951
end_year_ref : 2020
Running check_time_consistency for historical directory...
/bdd/CORDEX/output/EUR-11/DMI/MOHC-HadGEM2-ES/historical/r1i1p1/DMI-HIRHAM5/v2/day/tas/v20190512 is time-consistent.
Running check_time_consistency for RCP directory...
Traceback (most recent call last):
  File "/home/tmandonnet/CORDEX/run_all.py", line 53, in <module>
    raise ValueError(f"{read_directory_rcp} is not time-consistent for start_year {start_year}, end_year {end_year} and interval {interval}.")
ValueError: /bdd/CORDEX/output/EUR-11/DMI/MOHC-HadGEM2-ES/rcp45/r1i1p1/DMI-HIRHAM5/v2/day/tas/v20200113 is not time-consistent for start_year 1951, end_year 2100 and interval 5.
