=======================TASK PROLOG================================
Job 2245478 submitted on cluster spirit from spirit1.ipsl.fr
Job 2245478 submitted by tmandonnet with account lmd
Job 2245478 is running with 1 nodes and 22 cores on spirit64-09
Job 2245478 memory requirements are 81920 MB per node
Job 2245478 starting at 2025/08/26 21:58:27
==================================================================
GCM, RCM, version, RCP : ('MOHC-HadGEM2-ES', 'GERICS-REMO2015', 'rcp85', 'v1')
read_directory_historical : /bdd/CORDEX/output/EUR-11/GERICS/MOHC-HadGEM2-ES/historical/r1i1p1/GERICS-REMO2015/v1/day/tas/v20170412
read_directory_rcp : /bdd/CORDEX/output/EUR-11/GERICS/MOHC-HadGEM2-ES/rcp85/r1i1p1/GERICS-REMO2015/v1/day/tas/v20170412
temp_variable : tas
start_year_ref : 1951
end_year_ref : 2020
Running check_time_consistency for historical directory...
/bdd/CORDEX/output/EUR-11/GERICS/MOHC-HadGEM2-ES/historical/r1i1p1/GERICS-REMO2015/v1/day/tas/v20170412 is time-consistent.
Running check_time_consistency for RCP directory...
Traceback (most recent call last):
  File "/home/tmandonnet/CORDEX/run_all.py", line 57, in <module>
    raise ValueError(f"{read_directory_rcp} is not time-consistent for start_year {start_year}, end_year {end_year} and interval {interval}.")
ValueError: /bdd/CORDEX/output/EUR-11/GERICS/MOHC-HadGEM2-ES/rcp85/r1i1p1/GERICS-REMO2015/v1/day/tas/v20170412 is not time-consistent for start_year 1951, end_year 2100 and interval 5.
