=======================TASK PROLOG================================
Job 2245487 submitted on cluster spirit from spirit1.ipsl.fr
Job 2245487 submitted by tmandonnet with account lmd
Job 2245487 is running with 1 nodes and 22 cores on spirit64-11
Job 2245487 memory requirements are 81920 MB per node
Job 2245487 starting at 2025/08/26 22:59:30
==================================================================
GCM, RCM, version, RCP : ('MOHC-HadGEM2-ES', 'SMHI-RCA4', 'rcp85', 'v1')
read_directory_historical : /bdd/CORDEX/output/EUR-11/SMHI/MOHC-HadGEM2-ES/historical/r1i1p1/SMHI-RCA4/v1/day/tas/v20131026
read_directory_rcp : /bdd/CORDEX/output/EUR-11/SMHI/MOHC-HadGEM2-ES/rcp85/r1i1p1/SMHI-RCA4/v1/day/tas/v20131026
temp_variable : tas
start_year_ref : 1951
end_year_ref : 2020
Running check_time_consistency for historical directory...
/bdd/CORDEX/output/EUR-11/SMHI/MOHC-HadGEM2-ES/historical/r1i1p1/SMHI-RCA4/v1/day/tas/v20131026 is time-consistent with start_year 1971.
Running check_time_consistency for RCP directory...
Traceback (most recent call last):
  File "/home/tmandonnet/CORDEX/run_all.py", line 57, in <module>
    raise ValueError(f"{read_directory_rcp} is not time-consistent for start_year {start_year}, end_year {end_year} and interval {interval}.")
ValueError: /bdd/CORDEX/output/EUR-11/SMHI/MOHC-HadGEM2-ES/rcp85/r1i1p1/SMHI-RCA4/v1/day/tas/v20131026 is not time-consistent for start_year 1971, end_year 2100 and interval 5.
