=======================TASK PROLOG================================
Job 2194615 submitted on cluster spirit from spirit1.ipsl.fr
Job 2194615 submitted by tmandonnet with account lmd
Job 2194615 is running with 1 nodes and 6 cores on spirit32-07
Job 2194615 memory requirements are 81920 MB per node
Job 2194615 starting at 2025/08/01 22:53:19
==================================================================
GCM, RCM, version, RCP : ('CNRM-CERFACS-CNRM-CM5', 'IPSL-WRF381P', 'rcp85', 'v2')
read_directory_historical : /bdd/CORDEX/output/EUR-11/IPSL/CNRM-CERFACS-CNRM-CM5/historical/r1i1p1/IPSL-WRF381P/v2/day/tas/v20191015
read_directory_rcp : /bdd/CORDEX/output/EUR-11/IPSL/CNRM-CERFACS-CNRM-CM5/rcp85/r1i1p1/IPSL-WRF381P/v2/day/tas/v20191015
temp_variable : tas
start_year_ref : 1951
end_year_ref : 2020
Running check_time_consistency for historical directory...
Traceback (most recent call last):
  File "/home/tmandonnet/CORDEX/run_all.py", line 44, in <module>
    if check_time_consistency(read_directory_historical,interval,start_year=1951,end_year=2005) :
  File "/home/tmandonnet/CORDEX/detection_overlap_functions.py", line 44, in check_time_consistency
    files_list = [f for f in listdir(read_directory) if isfile(join(read_directory, f))]
FileNotFoundError: [Errno 2] No such file or directory: '/bdd/CORDEX/output/EUR-11/IPSL/CNRM-CERFACS-CNRM-CM5/historical/r1i1p1/IPSL-WRF381P/v2/day/tas/v20191015'
