=======================TASK PROLOG================================
Job 2246856 submitted on cluster spirit from spirit1.ipsl.fr
Job 2246856 submitted by tmandonnet with account lmd
Job 2246856 is running with 1 nodes and 6 cores on spirit32-07
Job 2246856 memory requirements are 81920 MB per node
Job 2246856 starting at 2025/08/27 20:34:03
==================================================================
GCM, RCM, version, RCP : ('MOHC-HadGEM2-ES', 'CNRM-ALADIN63', 'rcp85', 'v1')
read_directory_historical : /bdd/CORDEX/output/EUR-11/CNRM/MOHC-HadGEM2-ES/historical/r1i1p1/CNRM-ALADIN63/v1/day/tas/v20190919
read_directory_rcp : /bdd/CORDEX/output/EUR-11/CNRM/MOHC-HadGEM2-ES/rcp85/r1i1p1/CNRM-ALADIN63/v1/day/tas/v20191004
temp_variable : tas
start_year_ref : 1971
end_year_ref : 2020
Running check_time_consistency for historical directory...
/bdd/CORDEX/output/EUR-11/CNRM/MOHC-HadGEM2-ES/historical/r1i1p1/CNRM-ALADIN63/v1/day/tas/v20190919 is time-consistent.
Running check_time_consistency for RCP directory...
Traceback (most recent call last):
  File "/home/tmandonnet/CORDEX/run_all.py", line 53, in <module>
    raise ValueError(f"{read_directory_rcp} is not time-consistent for start_year {start_year}, end_year {end_year} and interval {interval}.")
ValueError: /bdd/CORDEX/output/EUR-11/CNRM/MOHC-HadGEM2-ES/rcp85/r1i1p1/CNRM-ALADIN63/v1/day/tas/v20191004 is not time-consistent for start_year 1971, end_year 2100 and interval 5.
