=======================TASK PROLOG================================
Job 2246871 submitted on cluster spirit from spirit1.ipsl.fr
Job 2246871 submitted by tmandonnet with account lmd
Job 2246871 is running with 1 nodes and 6 cores on spirit32-06
Job 2246871 memory requirements are 81920 MB per node
Job 2246871 starting at 2025/08/27 23:40:41
==================================================================
GCM, RCM, version, RCP : ('MOHC-HadGEM2-ES', 'CLMcom-ETH-COSMO-crCLIM-v1-1', 'rcp85', 'v1')
read_directory_historical : /bdd/CORDEX/output/EUR-11/CLMcom-ETH/MOHC-HadGEM2-ES/historical/r1i1p1/CLMcom-ETH-COSMO-crCLIM-v1-1/v1/day/tas/v20200609
read_directory_rcp : /bdd/CORDEX/output/EUR-11/CLMcom-ETH/MOHC-HadGEM2-ES/rcp85/r1i1p1/CLMcom-ETH-COSMO-crCLIM-v1-1/v1/day/tas/v20200924
temp_variable : tas
start_year_ref : 1971
end_year_ref : 2020
Running check_time_consistency for historical directory...
/bdd/CORDEX/output/EUR-11/CLMcom-ETH/MOHC-HadGEM2-ES/historical/r1i1p1/CLMcom-ETH-COSMO-crCLIM-v1-1/v1/day/tas/v20200609 is time-consistent.
Running check_time_consistency for RCP directory...
Traceback (most recent call last):
  File "/home/tmandonnet/CORDEX/run_all.py", line 53, in <module>
    raise ValueError(f"{read_directory_rcp} is not time-consistent for start_year {start_year}, end_year {end_year} and interval {interval}.")
ValueError: /bdd/CORDEX/output/EUR-11/CLMcom-ETH/MOHC-HadGEM2-ES/rcp85/r1i1p1/CLMcom-ETH-COSMO-crCLIM-v1-1/v1/day/tas/v20200924 is not time-consistent for start_year 1971, end_year 2100 and interval 5.
